#
# There is insufficient memory for the Java Runtime Environment to continue.
# Native memory allocation (mmap) failed to map 268435456 bytes for G1 virtual space
# Possible reasons:
#   The system is out of physical RAM or swap space
#   The process is running with CompressedOops enabled, and the Java Heap may be blocking the growth of the native heap
# Possible solutions:
#   Reduce memory load on the system
#   Increase physical memory or swap space
#   Check if swap backing store is full
#   Decrease Java heap size (-Xmx/-Xms)
#   Decrease number of Java threads
#   Decrease Java thread stack sizes (-Xss)
#   Set larger code cache with -XX:ReservedCodeCacheSize=
#   JVM is running with Zero Based Compressed Oops mode in which the Java heap is
#     placed in the first 32GB address space. The Java Heap base address is the
#     maximum limit for the native heap growth. Please use -XX:HeapBaseMinAddress
#     to set the Java Heap base and to place the Java Heap above 32GB virtual address.
# This output file may be truncated or incomplete.
#
#  Out of Memory Error (os_windows.cpp:3527), pid=18436, tid=11532
#
# JRE version:  (19.0.1+10) (build )
# Java VM: Java HotSpot(TM) 64-Bit Server VM (19.0.1+10-21, mixed mode, sharing, tiered, compressed oops, compressed class ptrs, g1 gc, windows-amd64)
# No core dump will be written. Minidumps are not enabled by default on client versions of Windows
#

---------------  S U M M A R Y ------------

Command Line: -Dfile.encoding=UTF-8 -XX:+ShowCodeDetailsInExceptionMessages DocumentInterface

Host: Intel(R) Core(TM) i5-6300U CPU @ 2.40GHz, 4 cores, 15G,  Windows 10 , 64 bit Build 19041 (10.0.19041.2364)
Time: Fri Dec 23 14:01:20 2022 Maroc elapsed time: 0.033399 seconds (0d 0h 0m 0s)

---------------  T H R E A D  ---------------

Current thread (0x000001739986b5f0):  JavaThread "Unknown thread" [_thread_in_vm, id=11532, stack(0x0000000100500000,0x0000000100600000)]

Stack: [0x0000000100500000,0x0000000100600000]
Native frames: (J=compiled Java code, j=interpreted, Vv=VM code, C=native code)
V  [jvm.dll+0x6ee8fa]
V  [jvm.dll+0x857a1e]
V  [jvm.dll+0x85940e]
V  [jvm.dll+0x859ac3]
V  [jvm.dll+0x28291f]
V  [jvm.dll+0x6eb6e9]
V  [jvm.dll+0x6e028a]
V  [jvm.dll+0x357136]
V  [jvm.dll+0x35eb96]
V  [jvm.dll+0x3b555e]
V  [jvm.dll+0x3b578f]
V  [jvm.dll+0x32c6ea]
V  [jvm.dll+0x32d59e]
V  [jvm.dll+0x821b20]
V  [jvm.dll+0x3c27c1]
V  [jvm.dll+0x8022f1]
V  [jvm.dll+0x44b30f]
V  [jvm.dll+0x44cc91]
C  [jli.dll+0x5287]
C  [ucrtbase.dll+0x21bb2]
C  [KERNEL32.DLL+0x17614]
C  [ntdll.dll+0x526a1]


---------------  P R O C E S S  ---------------

Threads class SMR info:
_java_thread_list=0x00007ff87b93d048, length=0, elements={
}

Java Threads: ( => current thread )

Other Threads:
  0x00000173998dab90 WorkerThread "GC Thread#0" [stack: 0x0000000100600000,0x0000000100700000] [id=14820]
  0x00000173998eb900 ConcurrentGCThread "G1 Main Marker" [stack: 0x0000000100700000,0x0000000100800000] [id=20308]
  0x00000173998ecc70 WorkerThread "G1 Conc#0" [stack: 0x0000000100800000,0x0000000100900000] [id=21544]

[error occurred during error reporting (printing all threads), id 0xc0000005, EXCEPTION_ACCESS_VIOLATION (0xc0000005) at pc=0x00007ff87b0fd127]

VM state: not at safepoint (not fully initialized)

VM Mutex/Monitor currently owned by a thread:  ([mutex/lock_event])
[0x00000173998696d0] Heap_lock - owner thread: 0x000001739986b5f0

Heap address: 0x0000000701e00000, size: 4066 MB, Compressed Oops mode: Zero based, Oop shift amount: 3

CDS archive(s) mapped at: [0x0000000000000000-0x0000000000000000-0x0000000000000000), size 0, SharedBaseAddress: 0x0000000800000000, ArchiveRelocationMode: 0.
Narrow klass base: 0x0000000000000000, Narrow klass shift: 0, Narrow klass range: 0x0

GC Precious Log:
 CardTable entry size: 512
 Card Set container configuration: InlinePtr #cards 4 size 8 Array Of Cards #cards 16 size 48 Howl #buckets 8 coarsen threshold 3686 Howl Bitmap #cards 512 size 80 coarsen threshold 460 Card regions per heap region 1 cards per card region 4096

Heap:
 garbage-first heap   total 0K, used 0K [0x0000000701e00000, 0x0000000800000000)
  region size 2048K, 0 young (0K), 0 survivors (0K)

[error occurred during error reporting (printing heap information), id 0xc0000005, EXCEPTION_ACCESS_VIOLATION (0xc0000005) at pc=0x00007ff87b506959]

GC Heap History (0 events):
No events

Dll operation events (1 events):
Event: 0.024 Loaded shared library E:\jdk-19.0.1\bin\java.dll

Deoptimization events (0 events):
No events

Classes loaded (0 events):
No events

Classes unloaded (0 events):
No events

Classes redefined (0 events):
No events

Internal exceptions (0 events):
No events

VM Operations (0 events):
No events

Events (0 events):
No events


Dynamic libraries:
0x00007ff729000000 - 0x00007ff729010000 	E:\jdk-19.0.1\bin\javaw.exe
0x00007ff8dcd50000 - 0x00007ff8dcf48000 	C:\WINDOWS\SYSTEM32\ntdll.dll
0x00007ff8dae90000 - 0x00007ff8daf4f000 	C:\WINDOWS\System32\KERNEL32.DLL
0x00007ff8da940000 - 0x00007ff8dac12000 	C:\WINDOWS\System32\KERNELBASE.dll
0x00007ff8dac90000 - 0x00007ff8dad90000 	C:\WINDOWS\System32\ucrtbase.dll
0x00007ff8b8a70000 - 0x00007ff8b8a88000 	E:\jdk-19.0.1\bin\jli.dll
0x00007ff8db070000 - 0x00007ff8db11e000 	C:\WINDOWS\System32\ADVAPI32.dll
0x00007ff8dbbf0000 - 0x00007ff8dbc8e000 	C:\WINDOWS\System32\msvcrt.dll
0x00007ff8dbb50000 - 0x00007ff8dbbec000 	C:\WINDOWS\System32\sechost.dll
0x00007ff8db800000 - 0x00007ff8db925000 	C:\WINDOWS\System32\RPCRT4.dll
0x00007ff8dcb30000 - 0x00007ff8dccd1000 	C:\WINDOWS\System32\USER32.dll
0x00007ff8da5d0000 - 0x00007ff8da5f2000 	C:\WINDOWS\System32\win32u.dll
0x00007ff8dcce0000 - 0x00007ff8dcd0b000 	C:\WINDOWS\System32\GDI32.dll
0x00007ff8da440000 - 0x00007ff8da54f000 	C:\WINDOWS\System32\gdi32full.dll
0x00007ff8da740000 - 0x00007ff8da7dd000 	C:\WINDOWS\System32\msvcp_win.dll
0x00007ff8b6010000 - 0x00007ff8b602b000 	E:\jdk-19.0.1\bin\VCRUNTIME140.dll
0x00007ff8d97d0000 - 0x00007ff8d9a6a000 	C:\WINDOWS\WinSxS\amd64_microsoft.windows.common-controls_6595b64144ccf1df_6.0.19041.1110_none_60b5254171f9507e\COMCTL32.dll
0x00007ff8cb490000 - 0x00007ff8cb49a000 	C:\WINDOWS\SYSTEM32\VERSION.dll
0x00007ff8dc4b0000 - 0x00007ff8dc4e2000 	C:\WINDOWS\System32\IMM32.DLL
0x00007ff8cb8f0000 - 0x00007ff8cb8fc000 	E:\jdk-19.0.1\bin\vcruntime140_1.dll
0x00007ff8b13d0000 - 0x00007ff8b145e000 	E:\jdk-19.0.1\bin\msvcp140.dll
0x00007ff87adc0000 - 0x00007ff87ba80000 	E:\jdk-19.0.1\bin\server\jvm.dll
0x00007ff8c19e0000 - 0x00007ff8c19e9000 	C:\WINDOWS\SYSTEM32\WSOCK32.dll
0x00007ff8dada0000 - 0x00007ff8dae0b000 	C:\WINDOWS\System32\WS2_32.dll
0x00007ff8c26c0000 - 0x00007ff8c26e7000 	C:\WINDOWS\SYSTEM32\WINMM.dll
0x00007ff8d77e0000 - 0x00007ff8d77f2000 	C:\WINDOWS\SYSTEM32\kernel.appcore.dll
0x00007ff8c7f00000 - 0x00007ff8c7f0a000 	E:\jdk-19.0.1\bin\jimage.dll
0x00007ff8d9d60000 - 0x00007ff8d9f44000 	C:\WINDOWS\SYSTEM32\DBGHELP.DLL
0x00007ff8d9b80000 - 0x00007ff8d9bb5000 	C:\WINDOWS\SYSTEM32\dbgcore.DLL
0x00007ff8da6b0000 - 0x00007ff8da732000 	C:\WINDOWS\System32\bcryptPrimitives.dll
0x00007ff8b1bc0000 - 0x00007ff8b1be6000 	E:\jdk-19.0.1\bin\java.dll

dbghelp: loaded successfully - version: 4.0.5 - missing functions: none
symbol engine: initialized successfully - sym options: 0x614 - pdb path: .;E:\jdk-19.0.1\bin;C:\WINDOWS\SYSTEM32;C:\WINDOWS\WinSxS\amd64_microsoft.windows.common-controls_6595b64144ccf1df_6.0.19041.1110_none_60b5254171f9507e;E:\jdk-19.0.1\bin\server

VM Arguments:
jvm_args: -Dfile.encoding=UTF-8 -XX:+ShowCodeDetailsInExceptionMessages 
java_command: DocumentInterface
java_class_path (initial): C:\Users\hp\eclipse-workspace\exercice\InterfaceProjet\bin;E:\com.mysql.jdbc_5.1.5.jar;C:\Users\hp\eclipse-workspace\exercice\InterfaceProjet\jcalendar-1.4.jar
Launcher Type: SUN_STANDARD

[Global flags]
     intx CICompilerCount                          = 3                                         {product} {ergonomic}
     uint ConcGCThreads                            = 1                                         {product} {ergonomic}
     uint G1ConcRefinementThreads                  = 4                                         {product} {ergonomic}
   size_t G1HeapRegionSize                         = 2097152                                   {product} {ergonomic}
    uintx GCDrainStackTargetSize                   = 64                                        {product} {ergonomic}
   size_t InitialHeapSize                          = 268435456                                 {product} {ergonomic}
   size_t MarkStackSize                            = 4194304                                   {product} {ergonomic}
   size_t MaxHeapSize                              = 4263510016                                {product} {ergonomic}
   size_t MinHeapDeltaBytes                        = 2097152                                   {product} {ergonomic}
   size_t MinHeapSize                              = 8388608                                   {product} {ergonomic}
    uintx NonNMethodCodeHeapSize                   = 5832780                                {pd product} {ergonomic}
    uintx NonProfiledCodeHeapSize                  = 122912730                              {pd product} {ergonomic}
    uintx ProfiledCodeHeapSize                     = 122912730                              {pd product} {ergonomic}
    uintx ReservedCodeCacheSize                    = 251658240                              {pd product} {ergonomic}
     bool SegmentedCodeCache                       = true                                      {product} {ergonomic}
     bool ShowCodeDetailsInExceptionMessages       = true                                   {manageable} {command line}
   size_t SoftMaxHeapSize                          = 4263510016                             {manageable} {ergonomic}
     bool UseCompressedClassPointers               = true                           {product lp64_product} {ergonomic}
     bool UseCompressedOops                        = true                           {product lp64_product} {ergonomic}
     bool UseG1GC                                  = true                                      {product} {ergonomic}
     bool UseLargePagesIndividualAllocation        = false                                  {pd product} {ergonomic}

Logging:
Log output configuration:
 #0: stdout all=warning uptime,level,tags foldmultilines=false
 #1: stderr all=off uptime,level,tags foldmultilines=false

Environment Variables:
PATH=E:/eclipse//plugins/org.eclipse.justj.openjdk.hotspot.jre.full.win32.x86_64_17.0.4.v20220903-1038/jre/bin/server;E:/eclipse//plugins/org.eclipse.justj.openjdk.hotspot.jre.full.win32.x86_64_17.0.4.v20220903-1038/jre/bin;C:\Program Files\Common Files\Oracle\Java\javapath;C:\Program Files (x86)\Common Files\Oracle\Java\javapath;C:\oraclexe\app\oracle\product\11.2.0\server\bin;C:\WINDOWS\system32;C:\WINDOWS;C:\WINDOWS\System32\Wbem;C:\WINDOWS\System32\WindowsPowerShell\v1.0\;C:\WINDOWS\System32\OpenSSH\;C:\Program Files (x86)\dotnet\;C:\Program Files\nodejs\;C:\Program Files\PuTTY\;C:\Program Files\Git\cmd;C:\xampp\php;C:\composer;C:\Users\hp\AppData\Local\Programs\Python\Python310\Scripts\;C:\Users\hp\AppData\Local\Programs\Python\Python310\;C:\Program Files\MySQL\MySQL Shell 8.0\bin\;C:\Users\hp\AppData\Local\Microsoft\WindowsApps;C:\Users\hp\AppData\Local\Programs\Microsoft VS Code\bin;C:\Users\hp\AppData\Roaming\npm;C:\Users\hp\AppData\Local\GitHubDesktop\bin;C:\Users\hp\AppData\Roaming\Composer\vendor\bin;C:\Program Files\JetBrains\PyCharm Community Edition 2022.2.2\bin;;E:\eclipse;
USERNAME=hp
OS=Windows_NT
PROCESSOR_IDENTIFIER=Intel64 Family 6 Model 78 Stepping 3, GenuineIntel
TMP=C:\Users\hp\AppData\Local\Temp
TEMP=C:\Users\hp\AppData\Local\Temp



---------------  S Y S T E M  ---------------

OS:
 Windows 10 , 64 bit Build 19041 (10.0.19041.2364)
OS uptime: 3 days 1:45 hours

CPU: total 4 (initial active 4) (2 cores per cpu, 2 threads per core) family 6 model 78 stepping 3 microcode 0xf0, cx8, cmov, fxsr, ht, mmx, 3dnowpref, sse, sse2, sse3, ssse3, sse4.1, sse4.2, popcnt, lzcnt, tsc, tscinvbit, avx, avx2, aes, erms, clmul, bmi1, bmi2, rtm, adx, fma, vzeroupper, clflush, clflushopt, rdtscp

Memory: 4k page, system-wide physical 16263M (8129M free)
TotalPageFile size 28629M (AvailPageFile size 187M)
current process WorkingSet (physical memory assigned to process): 10M, peak: 10M
current process commit charge ("private bytes"): 52M, peak: 308M

vm_info: Java HotSpot(TM) 64-Bit Server VM (19.0.1+10-21) for windows-amd64 JRE (19.0.1+10-21), built on 2022-09-14T12:45:06Z by "mach5one" with MS VC++ 17.1 (VS2022)

END.
